<?xml version="1.0" encoding="UTF-8"?>
<coverage generated="1732609985">
  <project timestamp="1732609985">
    <package name="Softdomain">
      <file name="/mnt/data/code/demidovich/bro-usecase-command/src/Softdomain/UsecaseCommand.php">
        <class name="Softdomain\UsecaseCommand" namespace="Softdomain">
          <metrics complexity="27" methods="18" coveredmethods="11" conditionals="0" coveredconditionals="0" statements="62" coveredstatements="51" elements="80" coveredelements="62"/>
        </class>
        <line num="22" type="method" name="__construct" visibility="public" complexity="1" crap="1" count="15"/>
        <line num="24" type="stmt" count="15"/>
        <line num="26" type="stmt" count="15"/>
        <line num="27" type="stmt" count="15"/>
        <line num="28" type="stmt" count="14"/>
        <line num="30" type="stmt" count="14"/>
        <line num="31" type="stmt" count="14"/>
        <line num="34" type="method" name="fromRequest" visibility="public" complexity="1" crap="1" count="1"/>
        <line num="36" type="stmt" count="1"/>
        <line num="37" type="stmt" count="1"/>
        <line num="38" type="stmt" count="1"/>
        <line num="40" type="stmt" count="1"/>
        <line num="41" type="stmt" count="1"/>
        <line num="42" type="stmt" count="1"/>
        <line num="43" type="stmt" count="1"/>
        <line num="50" type="method" name="fromArray" visibility="public" complexity="1" crap="1" count="3"/>
        <line num="52" type="stmt" count="3"/>
        <line num="54" type="stmt" count="3"/>
        <line num="57" type="method" name="fromCommand" visibility="public" complexity="1" crap="2" count="0"/>
        <line num="59" type="stmt" count="0"/>
        <line num="61" type="stmt" count="0"/>
        <line num="62" type="stmt" count="0"/>
        <line num="63" type="stmt" count="0"/>
        <line num="64" type="stmt" count="0"/>
        <line num="67" type="method" name="setRules" visibility="public" complexity="1" crap="2" count="0"/>
        <line num="69" type="stmt" count="0"/>
        <line num="75" type="method" name="rules" visibility="protected" complexity="1" crap="1" count="7"/>
        <line num="77" type="stmt" count="7"/>
        <line num="80" type="method" name="hasFile" visibility="public" complexity="1" crap="1" count="3"/>
        <line num="82" type="stmt" count="3"/>
        <line num="85" type="method" name="hasNotFile" visibility="public" complexity="1" crap="1" count="3"/>
        <line num="87" type="stmt" count="3"/>
        <line num="93" type="method" name="file" visibility="public" complexity="2" crap="2.15" count="2"/>
        <line num="95" type="stmt" count="2"/>
        <line num="96" type="stmt" count="0"/>
        <line num="99" type="stmt" count="2"/>
        <line num="102" type="method" name="translator" visibility="protected" complexity="1" crap="2" count="0"/>
        <line num="104" type="stmt" count="0"/>
        <line num="107" type="method" name="sanitize" visibility="private" complexity="2" crap="2" count="15"/>
        <line num="109" type="stmt" count="15"/>
        <line num="110" type="stmt" count="15"/>
        <line num="111" type="stmt" count="3"/>
        <line num="114" type="stmt" count="12"/>
        <line num="115" type="stmt" count="12"/>
        <line num="116" type="stmt" count="12"/>
        <line num="117" type="stmt" count="12"/>
        <line num="120" type="method" name="validate" visibility="protected" complexity="3" crap="3" count="15"/>
        <line num="122" type="stmt" count="15"/>
        <line num="123" type="stmt" count="15"/>
        <line num="124" type="stmt" count="7"/>
        <line num="127" type="stmt" count="8"/>
        <line num="128" type="stmt" count="8"/>
        <line num="129" type="stmt" count="8"/>
        <line num="130" type="stmt" count="8"/>
        <line num="131" type="stmt" count="8"/>
        <line num="133" type="stmt" count="8"/>
        <line num="134" type="stmt" count="1"/>
        <line num="138" type="method" name="hydrate" visibility="private" complexity="5" crap="5" count="14"/>
        <line num="140" type="stmt" count="14"/>
        <line num="142" type="stmt" count="14"/>
        <line num="143" type="stmt" count="14"/>
        <line num="147" type="stmt" count="14"/>
        <line num="148" type="stmt" count="1"/>
        <line num="151" type="stmt" count="14"/>
        <line num="152" type="stmt" count="14"/>
        <line num="153" type="stmt" count="14"/>
        <line num="156" type="stmt" count="14"/>
        <line num="160" type="method" name="castProperty" visibility="private" complexity="2" crap="2.06" count="14"/>
        <line num="162" type="stmt" count="14"/>
        <line num="164" type="stmt" count="14"/>
        <line num="165" type="stmt" count="14"/>
        <line num="167" type="stmt" count="0"/>
        <line num="175" type="method" name="sanitizers" visibility="protected" complexity="1" crap="1" count="3"/>
        <line num="177" type="stmt" count="3"/>
        <line num="180" type="method" name="fields" visibility="public" complexity="1" crap="2" count="0"/>
        <line num="182" type="stmt" count="0"/>
        <line num="188" type="method" name="files" visibility="public" complexity="1" crap="2" count="0"/>
        <line num="190" type="stmt" count="0"/>
        <line num="193" type="method" name="defaults" visibility="protected" complexity="1" crap="1" count="3"/>
        <line num="195" type="stmt" count="3"/>
        <metrics loc="198" ncloc="179" classes="1" methods="18" coveredmethods="11" conditionals="0" coveredconditionals="0" statements="62" coveredstatements="51" elements="80" coveredelements="62"/>
      </file>
    </package>
    <package name="Softdomain\UsecaseCommand">
      <file name="/mnt/data/code/demidovich/bro-usecase-command/src/Softdomain/UsecaseCommand/Sanitizer.php">
        <class name="Softdomain\UsecaseCommand\Sanitizer" namespace="Softdomain\UsecaseCommand">
          <metrics complexity="18" methods="8" coveredmethods="6" conditionals="0" coveredconditionals="0" statements="28" coveredstatements="23" elements="36" coveredelements="29"/>
        </class>
        <line num="9" type="method" name="apply" visibility="public" complexity="10" crap="10.93" count="12"/>
        <line num="11" type="stmt" count="12"/>
        <line num="12" type="stmt" count="0"/>
        <line num="15" type="stmt" count="12"/>
        <line num="16" type="stmt" count="12"/>
        <line num="17" type="stmt" count="7"/>
        <line num="20" type="stmt" count="12"/>
        <line num="21" type="stmt" count="12"/>
        <line num="22" type="stmt" count="12"/>
        <line num="26" type="stmt" count="12"/>
        <line num="27" type="stmt" count="2"/>
        <line num="28" type="stmt" count="2"/>
        <line num="29" type="stmt" count="1"/>
        <line num="30" type="stmt" count="1"/>
        <line num="34" type="stmt" count="12"/>
        <line num="36" type="stmt" count="12"/>
        <line num="37" type="stmt" count="0"/>
        <line num="38" type="stmt" count="0"/>
        <line num="39" type="stmt" count="0"/>
        <line num="41" type="stmt" count="12"/>
        <line num="47" type="method" name="ensureMethodExists" visibility="private" complexity="2" crap="2.15" count="12"/>
        <line num="49" type="stmt" count="12"/>
        <line num="50" type="stmt" count="12"/>
        <line num="53" type="stmt" count="0"/>
        <line num="56" type="method" name="trim" visibility="protected" complexity="1" crap="1" count="2"/>
        <line num="58" type="stmt" count="2"/>
        <line num="61" type="method" name="strip_tags" visibility="protected" complexity="1" crap="1" count="7"/>
        <line num="63" type="stmt" count="7"/>
        <line num="66" type="method" name="strip_repeat_spaces" visibility="protected" complexity="1" crap="1" count="1"/>
        <line num="68" type="stmt" count="1"/>
        <line num="71" type="method" name="digits_only" visibility="protected" complexity="1" crap="1" count="1"/>
        <line num="73" type="stmt" count="1"/>
        <line num="76" type="method" name="to_upper" visibility="protected" complexity="1" crap="1" count="1"/>
        <line num="78" type="stmt" count="1"/>
        <line num="81" type="method" name="to_lower" visibility="protected" complexity="1" crap="1" count="7"/>
        <line num="83" type="stmt" count="7"/>
        <metrics loc="86" ncloc="84" classes="1" methods="8" coveredmethods="6" conditionals="0" coveredconditionals="0" statements="28" coveredstatements="23" elements="36" coveredelements="29"/>
      </file>
    </package>
    <metrics files="2" loc="284" ncloc="263" classes="2" methods="26" coveredmethods="17" conditionals="0" coveredconditionals="0" statements="90" coveredstatements="74" elements="116" coveredelements="91"/>
  </project>
</coverage>
